[0m[ INFO] [1429213584.362646118]: body action node is ready[0m
Message Emotionalmove_body {}
it has angle: 1 it is reducing velocity 0
 it has arrive (angle) 0
it has angle: 1 it is reducing velocity 0
 it has arrive (angle) 0
it has angle: 1 it is reducing velocity 0
 it has arrive (angle) 0
it has angle: 1 it is reducing velocity 0
 it has arrive (angle) 0
it has angle: 1 it is reducing velocity 0
 it has arrive (angle) 0
it has angle: 1 it is reducing velocity 0
 it has arrive (angle) 0
it has angle: 1 it is reducing velocity 0
 it has arrive (angle) 0
it has angle: 1 it is reducing velocity 0
 it has arrive (angle) 0
it has angle: 1 it is reducing velocity 0
 it has arrive (angle) 0
it has angle: 1 it is reducing velocity 0
 it has arrive (angle) 0
it has angle: 1 it is reducing velocity 0
 it has arrive (angle) 0
it has angle: 1 it is reducing velocity 0
 it has arrive (angle) 0
it has angle: 1 it is reducing velocity 0
 it has arrive (angle) 0
it has angle: 1 it is reducing velocity 0
 it has arrive (angle) 0
it has angle: 1 it is reducing velocity 0
 it has arrive (angle) 0
it has angle: 1 it is reducing velocity 0
 it has arrive (angle) 0
it has angle: 1 it is reducing velocity 0
 it has arrive (angle) 0
it has angle: 1 it is reducing velocity 0
 it has arrive (angle) 0
it has angle: 1 it is reducing velocity 0
 it has arrive (angle) 0
it has angle: 1 it is reducing velocity 0
 it has arrive (angle) 0
it has angle: 1 it is reducing velocity 0
 it has arrive (angle) 0
it has angle: 1 it is reducing velocity 0
 it has arrive (angle) 0
it has angle: 1 it is reducing velocity 0
 it has arrive (angle) 0
it has angle: 1 it is reducing velocity 0
 it has arrive (angle) 0
it has angle: 1 it is reducing velocity 0
 it has arrive (angle) 0
it has angle: 1 it is reducing velocity 0
 it has arrive (angle) 0
it has angle: 1 it is reducing velocity 0
 it has arrive (angle) 0
it has angle: 1 it is reducing velocity 0
 it has arrive (angle) 0
it has angle: 1 it is reducing velocity 0
 it has arrive (angle) 0
it has angle: 1 it is reducing velocity 0
 it has arrive (angle) 0
it has angle: 1 it is reducing velocity 0
 it has arrive (angle) 0
it has angle: 1 it is reducing velocity 0
 it has arrive (angle) 0
it has angle: 1 it is reducing velocity 0
 it has arrive (angle) 0
it has angle: 1 it is reducing velocity 0
 it has arrive (angle) 0
it has angle: 1 it is reducing velocity 0
 it has arrive (angle) 0
it has angle: 1 it is reducing velocity 0
 it has arrive (angle) 0
it has angle: 1 it is reducing velocity 0
 it has arrive (angle) 0
it has angle: 1 it is reducing velocity 0
 it has arrive (angle) 0
it has angle: 1 it is reducing velocity 0
 it has arrive (angle) 0
it has angle: 1 it is reducing velocity 0
 it has arrive (angle) 0
it has angle: 1 it is reducing velocity 0
 it has arrive (angle) 0
it has angle: 1 it is reducing velocity 0
 it has arrive (angle) 0
it has angle: 1 it is reducing velocity 0
 it has arrive (angle) 0
it has angle: 1 it is reducing velocity 0
 it has arrive (angle) 0
it has angle: 1 it is reducing velocity 0
 it has arrive (angle) 0
it has angle: 1 it is reducing velocity 0
 it has arrive (angle) 0
it has angle: 1 it is reducing velocity 0
 it has arrive (angle) 0
it has angle: 1 it is reducing velocity 0
 it has arrive (angle) 0
it has angle: 1 it is reducing velocity 0
 it has arrive (angle) 0
it has angle: 1 it is reducing velocity 0
 it has arrive (angle) 0
it has angle: 1 it is reducing velocity 0
 it has arrive (angle) 0
it has angle: 1 it is reducing velocity 0
 it has arrive (angle) 0
it has angle: 1 it is reducing velocity 1
it getting close to the end
 it has arrive (angle) 0
it has angle: 1 it is reducing velocity 1
it getting close to the end
 it has arrive (angle) 0
it has angle: 1 it is reducing velocity 1
it getting close to the end
 it has arrive (angle) 0
it has angle: 1 it is reducing velocity 1
it getting close to the end
 it has arrive (angle) 0
it has angle: 1 it is reducing velocity 1
it getting close to the end
 it has arrive (angle) 0
it has angle: 1 it is reducing velocity 1
it getting close to the end
 it has arrive (angle) 0
it has angle: 1 it is reducing velocity 1
it getting close to the end
 it has arrive (angle) 0
it has angle: 1 it is reducing velocity 1
it getting close to the end
 it has arrive (angle) 0
it has angle: 1 it is reducing velocity 1
it getting close to the end
 it has arrive (angle) 1
it has angle: 1 it is reducing velocity 1
it getting close to the end
[0m[ INFO] [1429213630.745647099]: action move body has finished[0m
Message Emotionalmove_body {}
it has angle: 1 it is reducing velocity 0
 it has arrive (angle) 0
it has angle: 1 it is reducing velocity 0
 it has arrive (angle) 0
it has angle: 1 it is reducing velocity 0
 it has arrive (angle) 0
it has angle: 1 it is reducing velocity 0
 it has arrive (angle) 0
it has angle: 1 it is reducing velocity 0
 it has arrive (angle) 0
it has angle: 1 it is reducing velocity 0
 it has arrive (angle) 0
it has angle: 1 it is reducing velocity 0
 it has arrive (angle) 0
it has angle: 1 it is reducing velocity 0
 it has arrive (angle) 0
it has angle: 1 it is reducing velocity 0
 it has arrive (angle) 0
it has angle: 1 it is reducing velocity 0
 it has arrive (angle) 0
it has angle: 1 it is reducing velocity 0
 it has arrive (angle) 0
it has angle: 1 it is reducing velocity 0
 it has arrive (angle) 0
it has angle: 1 it is reducing velocity 0
 it has arrive (angle) 0
it has angle: 1 it is reducing velocity 0
 it has arrive (angle) 0
it has angle: 1 it is reducing velocity 0
 it has arrive (angle) 0
it has angle: 1 it is reducing velocity 0
 it has arrive (angle) 0
it has angle: 1 it is reducing velocity 0
 it has arrive (angle) 0
it has angle: 1 it is reducing velocity 0
 it has arrive (angle) 0
it has angle: 1 it is reducing velocity 0
 it has arrive (angle) 0
it has angle: 1 it is reducing velocity 0
 it has arrive (angle) 0
it has angle: 1 it is reducing velocity 0
 it has arrive (angle) 0
it has angle: 1 it is reducing velocity 0
 it has arrive (angle) 0
it has angle: 1 it is reducing velocity 0
 it has arrive (angle) 0
it has angle: 1 it is reducing velocity 0
 it has arrive (angle) 0
it has angle: 1 it is reducing velocity 0
 it has arrive (angle) 0
it has angle: 1 it is reducing velocity 0
 it has arrive (angle) 0
it has angle: 1 it is reducing velocity 0
 it has arrive (angle) 0
it has angle: 1 it is reducing velocity 0
 it has arrive (angle) 0
it has angle: 1 it is reducing velocity 0
 it has arrive (angle) 0
it has angle: 1 it is reducing velocity 0
 it has arrive (angle) 0
it has angle: 1 it is reducing velocity 0
 it has arrive (angle) 0
it has angle: 1 it is reducing velocity 0
 it has arrive (angle) 0
it has angle: 1 it is reducing velocity 0
 it has arrive (angle) 0
it has angle: 1 it is reducing velocity 0
 it has arrive (angle) 0
it has angle: 1 it is reducing velocity 0
 it has arrive (angle) 0
it has angle: 1 it is reducing velocity 0
 it has arrive (angle) 0
it has angle: 1 it is reducing velocity 0
 it has arrive (angle) 0
it has angle: 1 it is reducing velocity 0
 it has arrive (angle) 0
it has angle: 1 it is reducing velocity 0
 it has arrive (angle) 0
it has angle: 1 it is reducing velocity 0
 it has arrive (angle) 0
it has angle: 1 it is reducing velocity 0
 it has arrive (angle) 0
it has angle: 1 it is reducing velocity 0
 it has arrive (angle) 0
it has angle: 1 it is reducing velocity 0
 it has arrive (angle) 0
it has angle: 1 it is reducing velocity 0
 it has arrive (angle) 0
it has angle: 1 it is reducing velocity 0
 it has arrive (angle) 0
it has angle: 1 it is reducing velocity 0
 it has arrive (angle) 0
it has angle: 1 it is reducing velocity 0
 it has arrive (angle) 0
it has angle: 1 it is reducing velocity 0
 it has arrive (angle) 0
it has angle: 1 it is reducing velocity 0
 it has arrive (angle) 0
it has angle: 1 it is reducing velocity 0
 it has arrive (angle) 0
it has angle: 1 it is reducing velocity 0
 it has arrive (angle) 0
it has angle: 1 it is reducing velocity 1
it getting close to the end
 it has arrive (angle) 0
it has angle: 1 it is reducing velocity 1
it getting close to the end
 it has arrive (angle) 0
it has angle: 1 it is reducing velocity 1
it getting close to the end
 it has arrive (angle) 0
it has angle: 1 it is reducing velocity 1
it getting close to the end
 it has arrive (angle) 0
it has angle: 1 it is reducing velocity 1
it getting close to the end
 it has arrive (angle) 0
it has angle: 1 it is reducing velocity 1
it getting close to the end
 it has arrive (angle) 0
it has angle: 1 it is reducing velocity 1
it getting close to the end
 it has arrive (angle) 0
it has angle: 1 it is reducing velocity 1
it getting close to the end
 it has arrive (angle) 0
it has angle: 1 it is reducing velocity 1
it getting close to the end
 it has arrive (angle) 1
it has angle: 1 it is reducing velocity 1
it getting close to the end
[0m[ INFO] [1429213638.523856852]: action move body has finished[0m
Message Emotionalmove_body {}
it has angle: 1 it is reducing velocity 0
 it has arrive (angle) 0
it has angle: 1 it is reducing velocity 1
it getting close to the end
 it has arrive (angle) 0
it has angle: 1 it is reducing velocity 1
it getting close to the end
 it has arrive (angle) 0
it has angle: 1 it is reducing velocity 1
it getting close to the end
 it has arrive (angle) 0
it has angle: 1 it is reducing velocity 1
it getting close to the end
 it has arrive (angle) 0
it has angle: 1 it is reducing velocity 1
it getting close to the end
 it has arrive (angle) 0
it has angle: 1 it is reducing velocity 1
it getting close to the end
 it has arrive (angle) 0
it has angle: 1 it is reducing velocity 1
it getting close to the end
 it has arrive (angle) 0
it has angle: 1 it is reducing velocity 1
it getting close to the end
 it has arrive (angle) 0
it has angle: 1 it is reducing velocity 1
it getting close to the end
 it has arrive (angle) 0
it has angle: 1 it is reducing velocity 1
it getting close to the end
 it has arrive (angle) 0
it has angle: 1 it is reducing velocity 1
it getting close to the end
 it has arrive (angle) 0
it has angle: 1 it is reducing velocity 1
it getting close to the end
 it has arrive (angle) 0
it has angle: 1 it is reducing velocity 1
it getting close to the end
 it has arrive (angle) 0
it has angle: 1 it is reducing velocity 1
it getting close to the end
 it has arrive (angle) 0
it has angle: 1 it is reducing velocity 1
it getting close to the end
 it has arrive (angle) 0
it has angle: 1 it is reducing velocity 1
it getting close to the end
 it has arrive (angle) 0
it has angle: 1 it is reducing velocity 1
it getting close to the end
 it has arrive (angle) 0
it has angle: 1 it is reducing velocity 1
it getting close to the end
 it has arrive (angle) 0
it has angle: 1 it is reducing velocity 1
it getting close to the end
 it has arrive (angle) 0
it has angle: 1 it is reducing velocity 1
it getting close to the end
 it has arrive (angle) 0
it has angle: 1 it is reducing velocity 1
it getting close to the end
 it has arrive (angle) 0
it has angle: 1 it is reducing velocity 1
it getting close to the end
 it has arrive (angle) 0
it has angle: 1 it is reducing velocity 1
it getting close to the end
 it has arrive (angle) 0
it has angle: 1 it is reducing velocity 1
it getting close to the end
 it has arrive (angle) 1
it has angle: 1 it is reducing velocity 1
it getting close to the end
[0m[ INFO] [1429213642.951717230]: action move body has finished[0m
Message Emotionalmove_body {}
it has angle: 1 it is reducing velocity 0
 it has arrive (angle) 0
it has angle: 1 it is reducing velocity 1
it getting close to the end
 it has arrive (angle) 0
it has angle: 1 it is reducing velocity 1
it getting close to the end
 it has arrive (angle) 0
it has angle: 1 it is reducing velocity 1
it getting close to the end
 it has arrive (angle) 0
it has angle: 1 it is reducing velocity 1
it getting close to the end
 it has arrive (angle) 0
it has angle: 1 it is reducing velocity 1
it getting close to the end
 it has arrive (angle) 0
it has angle: 1 it is reducing velocity 1
it getting close to the end
 it has arrive (angle) 0
it has angle: 1 it is reducing velocity 1
it getting close to the end
 it has arrive (angle) 0
it has angle: 1 it is reducing velocity 1
it getting close to the end
 it has arrive (angle) 0
it has angle: 1 it is reducing velocity 1
it getting close to the end
 it has arrive (angle) 0
it has angle: 1 it is reducing velocity 1
it getting close to the end
 it has arrive (angle) 0
it has angle: 1 it is reducing velocity 1
it getting close to the end
 it has arrive (angle) 0
it has angle: 1 it is reducing velocity 1
it getting close to the end
 it has arrive (angle) 0
it has angle: 1 it is reducing velocity 1
it getting close to the end
 it has arrive (angle) 0
it has angle: 1 it is reducing velocity 1
it getting close to the end
 it has arrive (angle) 0
it has angle: 1 it is reducing velocity 1
it getting close to the end
 it has arrive (angle) 0
it has angle: 1 it is reducing velocity 1
it getting close to the end
 it has arrive (angle) 0
it has angle: 1 it is reducing velocity 1
it getting close to the end
 it has arrive (angle) 0
it has angle: 1 it is reducing velocity 1
it getting close to the end
 it has arrive (angle) 0
it has angle: 1 it is reducing velocity 1
it getting close to the end
 it has arrive (angle) 0
it has angle: 1 it is reducing velocity 1
it getting close to the end
 it has arrive (angle) 0
it has angle: 1 it is reducing velocity 1
it getting close to the end
 it has arrive (angle) 0
it has angle: 1 it is reducing velocity 1
it getting close to the end
 it has arrive (angle) 0
it has angle: 1 it is reducing velocity 1
it getting close to the end
 it has arrive (angle) 0
it has angle: 1 it is reducing velocity 1
it getting close to the end
 it has arrive (angle) 1
it has angle: 1 it is reducing velocity 1
it getting close to the end
[0m[ INFO] [1429213648.134688357]: action move body has finished[0m
Message Emotionalmove_body {"type":"movement_parameter","repetition" : "no","parameters": [[{"space":100,"velocity":234.4872131347656}
,{"space":200,"velocity":467.2435913085938}
,{"space":300,"velocity":932.7564086914062}
]],"reference" :700}
Message Emotionaloscillate_body {"type":"movement_parameter","repetition" : "no","parameters": [[{"space":0.2617999911308289,"velocity":1.660901308059692}
]],"reference" :1}
The parameter is correct and it has: 1
it has angle: 1 it is reducing velocity 0
Setting angular velocity 1.5
it has angle: 1 it is reducing velocity 1
it getting close to the end
[0m[ INFO] [1429213655.100891860]: action move body has finished[0m
[0m[ INFO] [1429213655.102138485]: action oscillate body has finished[0m
Message Emotionalmove_body {"type":"movement_parameter","repetition" : "no","parameters": [[{"space":100,"velocity":234.4872131347656}
,{"space":200,"velocity":467.2435913085938}
,{"space":300,"velocity":932.7564086914062}
]],"reference" :700}
Message Emotionaloscillate_body {"type":"movement_parameter","repetition" : "no","parameters": [[{"space":0.2617999911308289,"velocity":1.660901308059692}
]],"reference" :1}
The parameter is correct and it has: 1
it has angle: 1 it is reducing velocity 0
Setting angular velocity -1.5
it has angle: 1 it is reducing velocity 1
it getting close to the end
